# JRE version: OpenJDK Runtime Environment (17.0.10) (build 17.0.10+0--11572160)
# Java VM: OpenJDK 64-Bit Server VM (17.0.10+0--11572160, mixed mode, tiered, compressed oops, compressed class ptrs, g1 gc, windows-amd64)
GC Precious Log:
 CPUs: 4 total, 4 available
 Memory: 7932M
 Large Page Support: Disabled
 NUMA Support: Disabled
 Compressed Oops: Enabled (32-bit)
 Heap Region Size: 1M
 Heap Min Capacity: 8M
 Heap Initial Capacity: 124M
 Heap Max Capacity: 2G
 Pre-touch: Disabled
 Parallel Workers: 4
 Concurrent Workers: 1
 Concurrent Refinement Workers: 4
 Periodic GC: Disabled
Heap:
 garbage-first heap   total 311296K, used 145416K [0x0000000080000000, 0x0000000100000000)
  region size 1024K, 5 young (5120K), 5 survivors (5120K)
 Metaspace       used 145676K, committed 146496K, reserved 1179648K
  class space    used 18849K, committed 19200K, reserved 1048576K
GC Heap History (20 events):
Event: 12.003 GC heap after
{Heap after GC invocations=38 (full 0):
 garbage-first heap   total 311296K, used 102112K [0x0000000080000000, 0x0000000100000000)
  region size 1024K, 1 young (1024K), 1 survivors (1024K)
 Metaspace       used 108238K, committed 108928K, reserved 1179648K
  class space    used 14542K, committed 14848K, reserved 1048576K
}
Event: 13.660 GC heap before
{Heap before GC invocations=38 (full 0):
 garbage-first heap   total 311296K, used 245472K [0x0000000080000000, 0x0000000100000000)
  region size 1024K, 141 young (144384K), 1 survivors (1024K)
 Metaspace       used 121176K, committed 121920K, reserved 1179648K
  class space    used 15920K, committed 16256K, reserved 1048576K
}
Event: 13.669 GC heap after
{Heap after GC invocations=39 (full 0):
 garbage-first heap   total 311296K, used 108951K [0x0000000080000000, 0x0000000100000000)
  region size 1024K, 8 young (8192K), 8 survivors (8192K)
 Metaspace       used 121176K, committed 121920K, reserved 1179648K
  class space    used 15920K, committed 16256K, reserved 1048576K
}
Event: 15.474 GC heap before
{Heap before GC invocations=40 (full 0):
 garbage-first heap   total 311296K, used 250191K [0x0000000080000000, 0x0000000100000000)
  region size 1024K, 143 young (146432K), 8 survivors (8192K)
 Metaspace       used 130740K, committed 131520K, reserved 1179648K
  class space    used 16955K, committed 17280K, reserved 1048576K
}
Event: 15.498 GC heap after
{Heap after GC invocations=41 (full 0):
 garbage-first heap   total 311296K, used 124044K [0x0000000080000000, 0x0000000100000000)
  region size 1024K, 18 young (18432K), 18 survivors (18432K)
 Metaspace       used 130740K, committed 131520K, reserved 1179648K
  class space    used 16955K, committed 17280K, reserved 1048576K
}
Event: 15.501 GC heap before
{Heap before GC invocations=41 (full 0):
 garbage-first heap   total 311296K, used 125068K [0x0000000080000000, 0x0000000100000000)
  region size 1024K, 19 young (19456K), 18 survivors (18432K)
 Metaspace       used 130740K, committed 131520K, reserved 1179648K
  class space    used 16955K, committed 17280K, reserved 1048576K
}
Event: 15.524 GC heap after
{Heap after GC invocations=42 (full 0):
 garbage-first heap   total 311296K, used 126087K [0x0000000080000000, 0x0000000100000000)
  region size 1024K, 2 young (2048K), 2 survivors (2048K)
 Metaspace       used 130740K, committed 131520K, reserved 1179648K
  class space    used 16955K, committed 17280K, reserved 1048576K
}
Event: 15.616 GC heap before
{Heap before GC invocations=42 (full 0):
 garbage-first heap   total 311296K, used 139399K [0x0000000080000000, 0x0000000100000000)
  region size 1024K, 16 young (16384K), 2 survivors (2048K)
 Metaspace       used 130772K, committed 131520K, reserved 1179648K
  class space    used 16955K, committed 17280K, reserved 1048576K
}
Event: 15.621 GC heap after
{Heap after GC invocations=43 (full 0):
 garbage-first heap   total 311296K, used 126689K [0x0000000080000000, 0x0000000100000000)
  region size 1024K, 4 young (4096K), 4 survivors (4096K)
 Metaspace       used 130772K, committed 131520K, reserved 1179648K
  class space    used 16955K, committed 17280K, reserved 1048576K
}
Event: 16.645 GC heap before
{Heap before GC invocations=44 (full 0):
 garbage-first heap   total 311296K, used 224993K [0x0000000080000000, 0x0000000100000000)
  region size 1024K, 94 young (96256K), 4 survivors (4096K)
 Metaspace       used 132838K, committed 133632K, reserved 1179648K
  class space    used 17172K, committed 17536K, reserved 1048576K
}
Event: 16.656 GC heap after
{Heap after GC invocations=45 (full 0):
 garbage-first heap   total 311296K, used 144093K [0x0000000080000000, 0x0000000100000000)
  region size 1024K, 12 young (12288K), 12 survivors (12288K)
 Metaspace       used 132838K, committed 133632K, reserved 1179648K
  class space    used 17172K, committed 17536K, reserved 1048576K
}
Event: 16.681 GC heap before
{Heap before GC invocations=45 (full 0):
 garbage-first heap   total 311296K, used 146141K [0x0000000080000000, 0x0000000100000000)
  region size 1024K, 15 young (15360K), 12 survivors (12288K)
 Metaspace       used 132994K, committed 133760K, reserved 1179648K
  class space    used 17189K, committed 17536K, reserved 1048576K
}
Event: 16.693 GC heap after
{Heap after GC invocations=46 (full 0):
 garbage-first heap   total 311296K, used 142535K [0x0000000080000000, 0x0000000100000000)
  region size 1024K, 2 young (2048K), 2 survivors (2048K)
 Metaspace       used 132994K, committed 133760K, reserved 1179648K
  class space    used 17189K, committed 17536K, reserved 1048576K
}
Event: 16.700 GC heap before
{Heap before GC invocations=46 (full 0):
 garbage-first heap   total 311296K, used 142535K [0x0000000080000000, 0x0000000100000000)
  region size 1024K, 3 young (3072K), 2 survivors (2048K)
 Metaspace       used 133049K, committed 133824K, reserved 1179648K
  class space    used 17191K, committed 17536K, reserved 1048576K
}
Event: 16.701 GC heap after
{Heap after GC invocations=47 (full 0):
 garbage-first heap   total 311296K, used 141575K [0x0000000080000000, 0x0000000100000000)
  region size 1024K, 1 young (1024K), 1 survivors (1024K)
 Metaspace       used 133049K, committed 133824K, reserved 1179648K
  class space    used 17191K, committed 17536K, reserved 1048576K
}
Event: 17.825 GC heap before
{Heap before GC invocations=48 (full 0):
 garbage-first heap   total 311296K, used 235783K [0x0000000080000000, 0x0000000100000000)
  region size 1024K, 90 young (92160K), 1 survivors (1024K)
 Metaspace       used 141076K, committed 141888K, reserved 1179648K
  class space    used 18231K, committed 18624K, reserved 1048576K
}
Event: 17.832 GC heap after
{Heap after GC invocations=49 (full 0):
 garbage-first heap   total 311296K, used 145883K [0x0000000080000000, 0x0000000100000000)
  region size 1024K, 6 young (6144K), 6 survivors (6144K)
 Metaspace       used 141076K, committed 141888K, reserved 1179648K
  class space    used 18231K, committed 18624K, reserved 1048576K
}
Event: 17.918 GC heap before
{Heap before GC invocations=49 (full 0):
 garbage-first heap   total 311296K, used 154075K [0x0000000080000000, 0x0000000100000000)
  region size 1024K, 15 young (15360K), 6 survivors (6144K)
 Metaspace       used 141692K, committed 142464K, reserved 1179648K
  class space    used 18327K, committed 18688K, reserved 1048576K
}
Event: 17.925 GC heap after
{Heap after GC invocations=50 (full 0):
 garbage-first heap   total 311296K, used 142134K [0x0000000080000000, 0x0000000100000000)
  region size 1024K, 1 young (1024K), 1 survivors (1024K)
 Metaspace       used 141692K, committed 142464K, reserved 1179648K
  class space    used 18327K, committed 18688K, reserved 1048576K
}
Event: 18.543 GC heap before
{Heap before GC invocations=50 (full 0):
 garbage-first heap   total 311296K, used 197430K [0x0000000080000000, 0x0000000100000000)
  region size 1024K, 56 young (57344K), 1 survivors (1024K)
 Metaspace       used 145676K, committed 146496K, reserved 1179648K
  class space    used 18849K, committed 19200K, reserved 1048576K
}

